<?xml version="1.0" encoding="UTF-8"?>
<testng-results ignored="0" total="1" passed="0" failed="1" skipped="0">
  <reporter-output>
  </reporter-output>
  <suite started-at="2019-05-23T12:05:08Z" name="All Test Suite" finished-at="2019-05-23T12:06:20Z" duration-ms="71816">
    <groups>
    </groups>
    <test started-at="2019-05-23T12:05:08Z" name="D:/IDEA_workspace/MobileAppiumTest/src/test/java/guru/continuouslearningacademy/EmulatorWeb.java" finished-at="2019-05-23T12:06:20Z" duration-ms="71816">
      <class name="guru.continuouslearningacademy.EmulatorWeb">
        <test-method is-config="true" signature="SetupTest()[pri:0, instance:guru.continuouslearningacademy.EmulatorWeb@7f9fcf7f]" started-at="2019-05-23T12:04:59Z" name="SetupTest" finished-at="2019-05-23T12:05:08Z" duration-ms="8660" status="PASS">
          <reporter-output>
          </reporter-output>
        </test-method> <!-- SetupTest -->
        <test-method signature="browserTest()[pri:0, instance:guru.continuouslearningacademy.EmulatorWeb@7f9fcf7f]" started-at="2019-05-23T12:05:08Z" name="browserTest" finished-at="2019-05-23T12:06:20Z" duration-ms="71800" status="FAIL">
          <exception class="com.codeborne.selenide.ex.ElementShould">
            <message>
              <![CDATA[Element should be visible {#cookiebar}
Element: '<div id="cookiebar" displayed:false></div>']]>
            </message>
            <full-stacktrace>
              <![CDATA[Element should be visible {#cookiebar}
Element: '<div id="cookiebar" displayed:false></div>'
Page source: file:/D:/IDEA_workspace/MobileAppiumTest/./target/surefire-reports/screenshots/1558613119990.0.html
Timeout: 4 s.
at com.codeborne.selenide.impl.WebElementSource.checkCondition(WebElementSource.java:72)
at com.codeborne.selenide.commands.Should.should(Should.java:35)
at com.codeborne.selenide.commands.Should.execute(Should.java:29)
at com.codeborne.selenide.commands.Should.execute(Should.java:12)
at com.codeborne.selenide.commands.Commands.execute(Commands.java:144)
at com.codeborne.selenide.impl.SelenideElementProxy.dispatchAndRetry(SelenideElementProxy.java:99)
at com.codeborne.selenide.impl.SelenideElementProxy.invoke(SelenideElementProxy.java:65)
at com.sun.proxy.$Proxy6.shouldBe(Unknown Source)
at guru.continuouslearningacademy.EmulatorWeb.browserTest(EmulatorWeb.java:65)
at java.base/jdk.internal.reflect.NativeMethodAccessorImpl.invoke0(Native Method)
at java.base/jdk.internal.reflect.NativeMethodAccessorImpl.invoke(NativeMethodAccessorImpl.java:62)
at java.base/jdk.internal.reflect.DelegatingMethodAccessorImpl.invoke(DelegatingMethodAccessorImpl.java:43)
at java.base/java.lang.reflect.Method.invoke(Method.java:567)
at org.testng.internal.MethodInvocationHelper.invokeMethod(MethodInvocationHelper.java:124)
at org.testng.internal.Invoker.invokeMethod(Invoker.java:583)
at org.testng.internal.Invoker.invokeTestMethod(Invoker.java:719)
at org.testng.internal.Invoker.invokeTestMethods(Invoker.java:989)
at org.testng.internal.TestMethodWorker.invokeTestMethods(TestMethodWorker.java:125)
at org.testng.internal.TestMethodWorker.run(TestMethodWorker.java:109)
at org.testng.TestRunner.privateRun(TestRunner.java:648)
at org.testng.TestRunner.run(TestRunner.java:505)
at org.testng.SuiteRunner.runTest(SuiteRunner.java:455)
at org.testng.SuiteRunner.runSequentially(SuiteRunner.java:450)
at org.testng.SuiteRunner.privateRun(SuiteRunner.java:415)
at org.testng.SuiteRunner.run(SuiteRunner.java:364)
at org.testng.SuiteRunnerWorker.runSuite(SuiteRunnerWorker.java:52)
at org.testng.SuiteRunnerWorker.run(SuiteRunnerWorker.java:84)
at org.testng.TestNG.runSuitesSequentially(TestNG.java:1208)
at org.testng.TestNG.runSuitesLocally(TestNG.java:1137)
at org.testng.TestNG.runSuites(TestNG.java:1049)
at org.testng.TestNG.run(TestNG.java:1017)
at org.apache.maven.surefire.testng.TestNGExecutor.run(TestNGExecutor.java:283)
at org.apache.maven.surefire.testng.TestNGXmlTestSuite.execute(TestNGXmlTestSuite.java:75)
at org.apache.maven.surefire.testng.TestNGProvider.invoke(TestNGProvider.java:120)
at org.apache.maven.surefire.booter.ForkedBooter.invokeProviderInSameClassLoader(ForkedBooter.java:384)
at org.apache.maven.surefire.booter.ForkedBooter.runSuitesInProcess(ForkedBooter.java:345)
at org.apache.maven.surefire.booter.ForkedBooter.execute(ForkedBooter.java:126)
at org.apache.maven.surefire.booter.ForkedBooter.main(ForkedBooter.java:418)
]]>
            </full-stacktrace>
          </exception> <!-- com.codeborne.selenide.ex.ElementShould -->
          <reporter-output>
          </reporter-output>
        </test-method> <!-- browserTest -->
        <test-method is-config="true" signature="ShutdownTest()[pri:0, instance:guru.continuouslearningacademy.EmulatorWeb@7f9fcf7f]" started-at="2019-05-23T12:06:20Z" name="ShutdownTest" finished-at="2019-05-23T12:06:21Z" duration-ms="1189" status="PASS">
          <reporter-output>
          </reporter-output>
        </test-method> <!-- ShutdownTest -->
      </class> <!-- guru.continuouslearningacademy.EmulatorWeb -->
    </test> <!-- D:/IDEA_workspace/MobileAppiumTest/src/test/java/guru/continuouslearningacademy/EmulatorWeb.java -->
  </suite> <!-- All Test Suite -->
</testng-results>
