<?xml version="1.0" encoding="UTF-8"?>
<testsuite xmlns:xsi="http://www.w3.org/2001/XMLSchema-instance" xsi:noNamespaceSchemaLocation="https://maven.apache.org/surefire/maven-surefire-plugin/xsd/surefire-test-report-3.0.xsd" version="3.0" name="TestSuite" time="82.191" tests="1" errors="0" skipped="0" failures="1">
  <properties>
[...]
</properties>
  <testcase name="browserTest" classname="guru.continuouslearningacademy.EmulatorWeb" time="71.907">
    <failure message="Element should be visible {#cookiebar}&#10;Element: &apos;&lt;div id=&quot;cookiebar&quot; displayed:false&gt;&lt;/div&gt;&apos;" type="com.codeborne.selenide.ex.ElementShould"><![CDATA[com.codeborne.selenide.ex.ElementShould: 
Element should be visible {#cookiebar}
Element: '<div id="cookiebar" displayed:false></div>'
	at guru.continuouslearningacademy.EmulatorWeb.browserTest(EmulatorWeb.java:65)
]]></failure>
    <system-err><![CDATA[May 23, 2019 3:05:08 PM io.appium.java_client.remote.AppiumCommandExecutor$1 lambda$0
INFO: Detected dialect: W3C
May 23, 2019 3:05:20 PM com.codeborne.selenide.impl.ScreenShotLaboratory ensureFolderExists
INFO: Creating folder: .\target\surefire-reports\screenshots
May 23, 2019 3:06:20 PM com.codeborne.selenide.impl.ScreenShotLaboratory takeScreenshotImage
SEVERE: Failed to take screenshot to 1558613119990.0 because of org.openqa.selenium.TimeoutException: timeout: Timed out receiving message from renderer: 10.000
  (Session info: chrome=69.0.3497.100)
  (Driver info: chromedriver=2.44.609538 (b655c5a60b0b544917107a59d4153d4bf78e1b90),platform=Windows NT 10.0.17763 x86_64)
Build info: version: '3.141.59', revision: 'e82be7d358', time: '2018-11-14T08:17:03'
System info: host: 'LAPTOP_SKELNIK', ip: '192.168.56.1', os.name: 'Windows 10', os.arch: 'amd64', os.version: '10.0', java.version: '12.0.1'
Driver info: io.appium.java_client.android.AndroidDriver
Capabilities {browserName: Chrome, databaseEnabled: false, desired: {browserName: Chrome, deviceName: Pixel_3_XL_API_28, platformName: android}, deviceManufacturer: Google, deviceModel: Android SDK built for x86, deviceName: emulator-5554, deviceScreenSize: 1440x2960, deviceUDID: emulator-5554, javascriptEnabled: true, locationContextEnabled: false, networkConnectionEnabled: true, platform: LINUX, platformName: Android, platformVersion: 9, takesScreenshot: true, warnings: {}, webStorageEnabled: false}
Session ID: 9bffdeb2-5ef6-4b8f-8197-17aaa751ed98
]]></system-err>
  </testcase>
</testsuite>