<?xml version="1.0" encoding="UTF-8"?>
<testng-results skipped="0" failed="1" ignored="1" total="2" passed="0">
  <reporter-output>
  </reporter-output>
  <suite name="All Test Suite" duration-ms="342" started-at="2019-05-23T15:42:09Z" finished-at="2019-05-23T15:42:09Z">
    <groups>
    </groups>
    <test name="D:/IDEA_workspace/MobileAppiumTest/src/test/java/guru/continuouslearningacademy/EmulatorWeb.java" duration-ms="304" started-at="2019-05-23T15:42:09Z" finished-at="2019-05-23T15:42:09Z">
      <class name="guru.continuouslearningacademy.EmulatorWeb">
        <test-method status="FAIL" signature="browserTest()[pri:0, instance:guru.continuouslearningacademy.EmulatorWeb@6ea12c19]" name="browserTest" duration-ms="250" started-at="2019-05-23T15:42:09Z" finished-at="2019-05-23T15:42:09Z">
          <exception class="org.openqa.selenium.WebDriverException">
            <message>
              <![CDATA[An unknown server-side error occurred while processing the command. Original error: Error attempting to start URI. Original error: Error: Starting: Intent { act=android.intent.action.VIEW dat=http://dev.haldexcommerce.ddcloud.se/... pkg=com.android.calculator2 }
Error: Activity not started, unable to resolve Intent { act=android.intent.action.VIEW dat=http://dev.haldexcommerce.ddcloud.se/... flg=0x10000000 pkg=com.android.calculator2 }
Build info: version: '3.141.59', revision: 'e82be7d358', time: '2018-11-14T08:17:03'
System info: host: 'LAPTOP_SKELNIK', ip: '192.168.56.1', os.name: 'Windows 10', os.arch: 'amd64', os.version: '10.0', java.version: '1.8.0_211'
Driver info: io.appium.java_client.android.AndroidDriver
selenide.url: http://dev.haldexcommerce.ddcloud.se
Capabilities {appActivity: com.android.calculator2.Cal..., appPackage: com.android.calculator2, databaseEnabled: false, desired: {appActivity: com.android.calculator2.Cal..., appPackage: com.android.calculator2, deviceName: Pixel_3_XL_API_28, noReset: true, platformName: android}, deviceManufacturer: Google, deviceModel: Android SDK built for x86, deviceName: emulator-5554, deviceScreenSize: 1440x2960, deviceUDID: emulator-5554, javascriptEnabled: true, locationContextEnabled: false, networkConnectionEnabled: true, noReset: true, platform: LINUX, platformName: Android, platformVersion: 9, takesScreenshot: true, warnings: {}, webStorageEnabled: false}
selenide.baseUrl: http://localhost:8080
Session ID: 0a5c4423-8364-43af-ad0c-777acb091213]]>
            </message>
            <full-stacktrace>
              <![CDATA[org.openqa.selenium.WebDriverException: An unknown server-side error occurred while processing the command. Original error: Error attempting to start URI. Original error: Error: Starting: Intent { act=android.intent.action.VIEW dat=http://dev.haldexcommerce.ddcloud.se/... pkg=com.android.calculator2 }
Error: Activity not started, unable to resolve Intent { act=android.intent.action.VIEW dat=http://dev.haldexcommerce.ddcloud.se/... flg=0x10000000 pkg=com.android.calculator2 }
Build info: version: '3.141.59', revision: 'e82be7d358', time: '2018-11-14T08:17:03'
System info: host: 'LAPTOP_SKELNIK', ip: '192.168.56.1', os.name: 'Windows 10', os.arch: 'amd64', os.version: '10.0', java.version: '1.8.0_211'
Driver info: io.appium.java_client.android.AndroidDriver
selenide.url: http://dev.haldexcommerce.ddcloud.se
Capabilities {appActivity: com.android.calculator2.Cal..., appPackage: com.android.calculator2, databaseEnabled: false, desired: {appActivity: com.android.calculator2.Cal..., appPackage: com.android.calculator2, deviceName: Pixel_3_XL_API_28, noReset: true, platformName: android}, deviceManufacturer: Google, deviceModel: Android SDK built for x86, deviceName: emulator-5554, deviceScreenSize: 1440x2960, deviceUDID: emulator-5554, javascriptEnabled: true, locationContextEnabled: false, networkConnectionEnabled: true, noReset: true, platform: LINUX, platformName: Android, platformVersion: 9, takesScreenshot: true, warnings: {}, webStorageEnabled: false}
selenide.baseUrl: http://localhost:8080
Session ID: 0a5c4423-8364-43af-ad0c-777acb091213
at sun.reflect.NativeConstructorAccessorImpl.newInstance0(Native Method)
at sun.reflect.NativeConstructorAccessorImpl.newInstance(NativeConstructorAccessorImpl.java:62)
at sun.reflect.DelegatingConstructorAccessorImpl.newInstance(DelegatingConstructorAccessorImpl.java:45)
at java.lang.reflect.Constructor.newInstance(Constructor.java:423)
at org.openqa.selenium.remote.http.W3CHttpResponseCodec.createException(W3CHttpResponseCodec.java:187)
at org.openqa.selenium.remote.http.W3CHttpResponseCodec.decode(W3CHttpResponseCodec.java:122)
at org.openqa.selenium.remote.http.W3CHttpResponseCodec.decode(W3CHttpResponseCodec.java:49)
at org.openqa.selenium.remote.HttpCommandExecutor.execute(HttpCommandExecutor.java:158)
at io.appium.java_client.remote.AppiumCommandExecutor.execute(AppiumCommandExecutor.java:239)
at org.openqa.selenium.remote.RemoteWebDriver.execute(RemoteWebDriver.java:552)
at io.appium.java_client.DefaultGenericMobileDriver.execute(DefaultGenericMobileDriver.java:42)
at io.appium.java_client.AppiumDriver.execute(AppiumDriver.java:1)
at io.appium.java_client.android.AndroidDriver.execute(AndroidDriver.java:1)
at org.openqa.selenium.remote.RemoteWebDriver.get(RemoteWebDriver.java:277)
at org.openqa.selenium.remote.RemoteWebDriver$RemoteNavigation.to(RemoteWebDriver.java:857)
at com.codeborne.selenide.drivercommands.Navigator.navigateTo(Navigator.java:63)
at com.codeborne.selenide.drivercommands.Navigator.open(Navigator.java:24)
at com.codeborne.selenide.SelenideDriver.open(SelenideDriver.java:59)
at com.codeborne.selenide.Selenide.open(Selenide.java:39)
at guru.continuouslearningacademy.EmulatorWeb.browserTest(EmulatorWeb.java:60)
at sun.reflect.NativeMethodAccessorImpl.invoke0(Native Method)
at sun.reflect.NativeMethodAccessorImpl.invoke(NativeMethodAccessorImpl.java:62)
at sun.reflect.DelegatingMethodAccessorImpl.invoke(DelegatingMethodAccessorImpl.java:43)
at java.lang.reflect.Method.invoke(Method.java:498)
at org.testng.internal.MethodInvocationHelper.invokeMethod(MethodInvocationHelper.java:124)
at org.testng.internal.Invoker.invokeMethod(Invoker.java:583)
at org.testng.internal.Invoker.invokeTestMethod(Invoker.java:719)
at org.testng.internal.Invoker.invokeTestMethods(Invoker.java:989)
at org.testng.internal.TestMethodWorker.invokeTestMethods(TestMethodWorker.java:125)
at org.testng.internal.TestMethodWorker.run(TestMethodWorker.java:109)
at org.testng.TestRunner.privateRun(TestRunner.java:648)
at org.testng.TestRunner.run(TestRunner.java:505)
at org.testng.SuiteRunner.runTest(SuiteRunner.java:455)
at org.testng.SuiteRunner.runSequentially(SuiteRunner.java:450)
at org.testng.SuiteRunner.privateRun(SuiteRunner.java:415)
at org.testng.SuiteRunner.run(SuiteRunner.java:364)
at org.testng.SuiteRunnerWorker.runSuite(SuiteRunnerWorker.java:52)
at org.testng.SuiteRunnerWorker.run(SuiteRunnerWorker.java:84)
at org.testng.TestNG.runSuitesSequentially(TestNG.java:1208)
at org.testng.TestNG.runSuitesLocally(TestNG.java:1137)
at org.testng.TestNG.runSuites(TestNG.java:1049)
at org.testng.TestNG.run(TestNG.java:1017)
at org.apache.maven.surefire.testng.TestNGExecutor.run(TestNGExecutor.java:283)
at org.apache.maven.surefire.testng.TestNGXmlTestSuite.execute(TestNGXmlTestSuite.java:75)
at org.apache.maven.surefire.testng.TestNGProvider.invoke(TestNGProvider.java:120)
at org.apache.maven.surefire.booter.ForkedBooter.invokeProviderInSameClassLoader(ForkedBooter.java:384)
at org.apache.maven.surefire.booter.ForkedBooter.runSuitesInProcess(ForkedBooter.java:345)
at org.apache.maven.surefire.booter.ForkedBooter.execute(ForkedBooter.java:126)
at org.apache.maven.surefire.booter.ForkedBooter.main(ForkedBooter.java:418)
]]>
            </full-stacktrace>
          </exception> <!-- org.openqa.selenium.WebDriverException -->
          <reporter-output>
          </reporter-output>
        </test-method> <!-- browserTest -->
      </class> <!-- guru.continuouslearningacademy.EmulatorWeb -->
    </test> <!-- D:/IDEA_workspace/MobileAppiumTest/src/test/java/guru/continuouslearningacademy/EmulatorWeb.java -->
    <test name="D:/IDEA_workspace/MobileAppiumTest/src/test/java/guru/continuouslearningacademy/EmulatorApp.java" duration-ms="0" started-at="2019-05-23T15:42:09Z" finished-at="2019-05-23T15:42:09Z">
      <class name="guru.continuouslearningacademy.EmulatorWeb">
        <test-method status="PASS" signature="SetupTest()[pri:0, instance:guru.continuouslearningacademy.EmulatorWeb@6ea12c19]" name="SetupTest" is-config="true" duration-ms="14727" started-at="2019-05-23T15:41:46Z" finished-at="2019-05-23T15:42:01Z">
          <reporter-output>
          </reporter-output>
        </test-method> <!-- SetupTest -->
        <test-method status="PASS" signature="SetupTest()[pri:0, instance:guru.continuouslearningacademy.EmulatorApp@51081592]" name="SetupTest" is-config="true" duration-ms="7560" started-at="2019-05-23T15:42:01Z" finished-at="2019-05-23T15:42:09Z">
          <reporter-output>
          </reporter-output>
        </test-method> <!-- SetupTest -->
      </class> <!-- guru.continuouslearningacademy.EmulatorWeb -->
    </test> <!-- D:/IDEA_workspace/MobileAppiumTest/src/test/java/guru/continuouslearningacademy/EmulatorApp.java -->
  </suite> <!-- All Test Suite -->
</testng-results>
