<?xml version="1.0" encoding="UTF-8"?>
<testsuite xmlns:xsi="http://www.w3.org/2001/XMLSchema-instance" xsi:noNamespaceSchemaLocation="https://maven.apache.org/surefire/maven-surefire-plugin/xsd/surefire-test-report-3.0.xsd" version="3.0" name="TestSuite" time="23.887" tests="1" errors="0" skipped="0" failures="1">
  <properties>
[...]
</properties>
  <testcase name="browserTest" classname="guru.continuouslearningacademy.EmulatorWeb" time="0.261">
    <failure message="An unknown server-side error occurred while processing the command. Original error: Error attempting to start URI. Original error: Error: Starting: Intent { act=android.intent.action.VIEW dat=http://dev.haldexcommerce.ddcloud.se/... pkg=com.android.calculator2 }&#10;Error: Activity not started, unable to resolve Intent { act=android.intent.action.VIEW dat=http://dev.haldexcommerce.ddcloud.se/... flg=0x10000000 pkg=com.android.calculator2 }&#10;Build info: version: &apos;3.141.59&apos;, revision: &apos;e82be7d358&apos;, time: &apos;2018-11-14T08:17:03&apos;&#10;System info: host: &apos;LAPTOP_SKELNIK&apos;, ip: &apos;192.168.56.1&apos;, os.name: &apos;Windows 10&apos;, os.arch: &apos;amd64&apos;, os.version: &apos;10.0&apos;, java.version: &apos;1.8.0_211&apos;&#10;Driver info: io.appium.java_client.android.AndroidDriver&#10;selenide.url: http://dev.haldexcommerce.ddcloud.se&#10;Capabilities {appActivity: com.android.calculator2.Cal..., appPackage: com.android.calculator2, databaseEnabled: false, desired: {appActivity: com.android.calculator2.Cal..., appPackage: com.android.calculator2, deviceName: Pixel_3_XL_API_28, noReset: true, platformName: android}, deviceManufacturer: Google, deviceModel: Android SDK built for x86, deviceName: emulator-5554, deviceScreenSize: 1440x2960, deviceUDID: emulator-5554, javascriptEnabled: true, locationContextEnabled: false, networkConnectionEnabled: true, noReset: true, platform: LINUX, platformName: Android, platformVersion: 9, takesScreenshot: true, warnings: {}, webStorageEnabled: false}&#10;selenide.baseUrl: http://localhost:8080&#10;Session ID: 0a5c4423-8364-43af-ad0c-777acb091213" type="org.openqa.selenium.WebDriverException">org.openqa.selenium.WebDriverException: 
An unknown server-side error occurred while processing the command. Original error: Error attempting to start URI. Original error: Error: Starting: Intent { act=android.intent.action.VIEW dat=http://dev.haldexcommerce.ddcloud.se/... pkg=com.android.calculator2 }
Error: Activity not started, unable to resolve Intent { act=android.intent.action.VIEW dat=http://dev.haldexcommerce.ddcloud.se/... flg=0x10000000 pkg=com.android.calculator2 }
Build info: version: '3.141.59', revision: 'e82be7d358', time: '2018-11-14T08:17:03'
System info: host: 'LAPTOP_SKELNIK', ip: '192.168.56.1', os.name: 'Windows 10', os.arch: 'amd64', os.version: '10.0', java.version: '1.8.0_211'
Driver info: io.appium.java_client.android.AndroidDriver
selenide.url: http://dev.haldexcommerce.ddcloud.se
Capabilities {appActivity: com.android.calculator2.Cal..., appPackage: com.android.calculator2, databaseEnabled: false, desired: {appActivity: com.android.calculator2.Cal..., appPackage: com.android.calculator2, deviceName: Pixel_3_XL_API_28, noReset: true, platformName: android}, deviceManufacturer: Google, deviceModel: Android SDK built for x86, deviceName: emulator-5554, deviceScreenSize: 1440x2960, deviceUDID: emulator-5554, javascriptEnabled: true, locationContextEnabled: false, networkConnectionEnabled: true, noReset: true, platform: LINUX, platformName: Android, platformVersion: 9, takesScreenshot: true, warnings: {}, webStorageEnabled: false}
selenide.baseUrl: http://localhost:8080
Session ID: 0a5c4423-8364-43af-ad0c-777acb091213
	at guru.continuouslearningacademy.EmulatorWeb.browserTest(EmulatorWeb.java:60)
</failure>
    <system-err><![CDATA[May 23, 2019 6:42:01 PM io.appium.java_client.remote.AppiumCommandExecutor$1 lambda$0
INFO: Detected dialect: W3C
May 23, 2019 6:42:09 PM io.appium.java_client.remote.AppiumCommandExecutor$1 lambda$0
INFO: Detected dialect: W3C
]]></system-err>
  </testcase>
</testsuite>